<?xml version="1.0" encoding="UTF-8"?>
<testng-results skipped="0" failed="0" total="12" passed="12">
  <reporter-output>
  </reporter-output>
  <suite name="FREE CRM APLLICATION TEST AUTOMATION TEST suite" duration-ms="168428" started-at="2019-08-10T08:40:04Z" finished-at="2019-08-10T08:42:53Z">
    <groups>
    </groups>
    <test name="Free CRM App test cases" duration-ms="168428" started-at="2019-08-10T08:40:04Z" finished-at="2019-08-10T08:42:53Z">
      <class name="com.qa.ClassicCRM.TestCases.ContactsPageTest">
        <test-method status="PASS" signature="Setup()[pri:0, instance:com.qa.ClassicCRM.TestCases.ContactsPageTest@3b6eb2ec]" name="Setup" is-config="true" duration-ms="13526" started-at="2019-08-10T14:11:12Z" finished-at="2019-08-10T14:11:25Z">
          <reporter-output>
          </reporter-output>
        </test-method> <!-- Setup -->
        <test-method status="PASS" signature="verifyContactspageLable()[pri:1, instance:com.qa.ClassicCRM.TestCases.ContactsPageTest@3b6eb2ec]" name="verifyContactspageLable" duration-ms="86" started-at="2019-08-10T14:11:25Z" finished-at="2019-08-10T14:11:25Z">
          <reporter-output>
          </reporter-output>
        </test-method> <!-- verifyContactspageLable -->
        <test-method status="PASS" signature="tearDown()[pri:0, instance:com.qa.ClassicCRM.TestCases.ContactsPageTest@3b6eb2ec]" name="tearDown" is-config="true" duration-ms="601" started-at="2019-08-10T14:11:25Z" finished-at="2019-08-10T14:11:26Z">
          <reporter-output>
          </reporter-output>
        </test-method> <!-- tearDown -->
        <test-method status="PASS" signature="Setup()[pri:0, instance:com.qa.ClassicCRM.TestCases.ContactsPageTest@3b6eb2ec]" name="Setup" is-config="true" duration-ms="14057" started-at="2019-08-10T14:11:26Z" finished-at="2019-08-10T14:11:40Z">
          <reporter-output>
          </reporter-output>
        </test-method> <!-- Setup -->
        <test-method status="PASS" signature="selectsingleContactsTest()[pri:2, instance:com.qa.ClassicCRM.TestCases.ContactsPageTest@3b6eb2ec]" name="selectsingleContactsTest" duration-ms="382" started-at="2019-08-10T14:11:40Z" finished-at="2019-08-10T14:11:40Z">
          <reporter-output>
          </reporter-output>
        </test-method> <!-- selectsingleContactsTest -->
        <test-method status="PASS" signature="tearDown()[pri:0, instance:com.qa.ClassicCRM.TestCases.ContactsPageTest@3b6eb2ec]" name="tearDown" is-config="true" duration-ms="595" started-at="2019-08-10T14:11:40Z" finished-at="2019-08-10T14:11:41Z">
          <reporter-output>
          </reporter-output>
        </test-method> <!-- tearDown -->
        <test-method status="PASS" signature="Setup()[pri:0, instance:com.qa.ClassicCRM.TestCases.ContactsPageTest@3b6eb2ec]" name="Setup" is-config="true" duration-ms="12445" started-at="2019-08-10T14:11:41Z" finished-at="2019-08-10T14:11:53Z">
          <reporter-output>
          </reporter-output>
        </test-method> <!-- Setup -->
        <test-method status="PASS" signature="selectMultipleContactsTest()[pri:3, instance:com.qa.ClassicCRM.TestCases.ContactsPageTest@3b6eb2ec]" name="selectMultipleContactsTest" duration-ms="126" started-at="2019-08-10T14:11:53Z" finished-at="2019-08-10T14:11:54Z">
          <reporter-output>
          </reporter-output>
        </test-method> <!-- selectMultipleContactsTest -->
        <test-method status="PASS" signature="tearDown()[pri:0, instance:com.qa.ClassicCRM.TestCases.ContactsPageTest@3b6eb2ec]" name="tearDown" is-config="true" duration-ms="591" started-at="2019-08-10T14:11:54Z" finished-at="2019-08-10T14:11:54Z">
          <reporter-output>
          </reporter-output>
        </test-method> <!-- tearDown -->
        <test-method status="PASS" signature="Setup()[pri:0, instance:com.qa.ClassicCRM.TestCases.ContactsPageTest@3b6eb2ec]" name="Setup" is-config="true" duration-ms="13334" started-at="2019-08-10T14:11:55Z" finished-at="2019-08-10T14:12:09Z">
          <reporter-output>
          </reporter-output>
        </test-method> <!-- Setup -->
        <test-method status="PASS" signature="ValidateCreateNewContactTest(java.lang.String, java.lang.String, java.lang.String, java.lang.String, java.lang.String, java.lang.String, java.lang.String)[pri:4, instance:com.qa.ClassicCRM.TestCases.ContactsPageTest@3b6eb2ec]" name="ValidateCreateNewContactTest" duration-ms="5754" started-at="2019-08-10T14:12:09Z" data-provider="getCRMTestData" finished-at="2019-08-10T14:12:14Z">
          <params>
            <param index="0">
              <value>
                <![CDATA[Mr.]]>
              </value>
            </param>
            <param index="1">
              <value>
                <![CDATA[aravnd]]>
              </value>
            </param>
            <param index="2">
              <value>
                <![CDATA[cr]]>
              </value>
            </param>
            <param index="3">
              <value>
                <![CDATA[Jr.]]>
              </value>
            </param>
            <param index="4">
              <value>
                <![CDATA[amazon]]>
              </value>
            </param>
            <param index="5">
              <value>
                <![CDATA[Tean lead]]>
              </value>
            </param>
            <param index="6">
              <value>
                <![CDATA[QA]]>
              </value>
            </param>
          </params>
          <reporter-output>
          </reporter-output>
        </test-method> <!-- ValidateCreateNewContactTest -->
        <test-method status="PASS" signature="tearDown()[pri:0, instance:com.qa.ClassicCRM.TestCases.ContactsPageTest@3b6eb2ec]" name="tearDown" is-config="true" duration-ms="605" started-at="2019-08-10T14:12:14Z" finished-at="2019-08-10T14:12:15Z">
          <reporter-output>
          </reporter-output>
        </test-method> <!-- tearDown -->
        <test-method status="PASS" signature="Setup()[pri:0, instance:com.qa.ClassicCRM.TestCases.ContactsPageTest@3b6eb2ec]" name="Setup" is-config="true" duration-ms="12272" started-at="2019-08-10T14:12:15Z" finished-at="2019-08-10T14:12:27Z">
          <reporter-output>
          </reporter-output>
        </test-method> <!-- Setup -->
        <test-method status="PASS" signature="ValidateCreateNewContactTest(java.lang.String, java.lang.String, java.lang.String, java.lang.String, java.lang.String, java.lang.String, java.lang.String)[pri:4, instance:com.qa.ClassicCRM.TestCases.ContactsPageTest@3b6eb2ec]" name="ValidateCreateNewContactTest" duration-ms="4368" started-at="2019-08-10T14:12:27Z" data-provider="getCRMTestData" finished-at="2019-08-10T14:12:32Z">
          <params>
            <param index="0">
              <value>
                <![CDATA[Mrs.]]>
              </value>
            </param>
            <param index="1">
              <value>
                <![CDATA[jasmin]]>
              </value>
            </param>
            <param index="2">
              <value>
                <![CDATA[mm]]>
              </value>
            </param>
            <param index="3">
              <value>
                <![CDATA[MD]]>
              </value>
            </param>
            <param index="4">
              <value>
                <![CDATA[ebay]]>
              </value>
            </param>
            <param index="5">
              <value>
                <![CDATA[manager]]>
              </value>
            </param>
            <param index="6">
              <value>
                <![CDATA[dev]]>
              </value>
            </param>
          </params>
          <reporter-output>
          </reporter-output>
        </test-method> <!-- ValidateCreateNewContactTest -->
        <test-method status="PASS" signature="tearDown()[pri:0, instance:com.qa.ClassicCRM.TestCases.ContactsPageTest@3b6eb2ec]" name="tearDown" is-config="true" duration-ms="607" started-at="2019-08-10T14:12:32Z" finished-at="2019-08-10T14:12:32Z">
          <reporter-output>
          </reporter-output>
        </test-method> <!-- tearDown -->
        <test-method status="PASS" signature="Setup()[pri:0, instance:com.qa.ClassicCRM.TestCases.ContactsPageTest@3b6eb2ec]" name="Setup" is-config="true" duration-ms="13927" started-at="2019-08-10T14:12:32Z" finished-at="2019-08-10T14:12:46Z">
          <reporter-output>
          </reporter-output>
        </test-method> <!-- Setup -->
        <test-method status="PASS" signature="ValidateCreateNewContactTest(java.lang.String, java.lang.String, java.lang.String, java.lang.String, java.lang.String, java.lang.String, java.lang.String)[pri:4, instance:com.qa.ClassicCRM.TestCases.ContactsPageTest@3b6eb2ec]" name="ValidateCreateNewContactTest" duration-ms="5877" started-at="2019-08-10T14:12:46Z" data-provider="getCRMTestData" finished-at="2019-08-10T14:12:52Z">
          <params>
            <param index="0">
              <value>
                <![CDATA[Dr.]]>
              </value>
            </param>
            <param index="1">
              <value>
                <![CDATA[arun]]>
              </value>
            </param>
            <param index="2">
              <value>
                <![CDATA[vka]]>
              </value>
            </param>
            <param index="3">
              <value>
                <![CDATA[Sr.]]>
              </value>
            </param>
            <param index="4">
              <value>
                <![CDATA[facebook]]>
              </value>
            </param>
            <param index="5">
              <value>
                <![CDATA[sr  engg]]>
              </value>
            </param>
            <param index="6">
              <value>
                <![CDATA[management]]>
              </value>
            </param>
          </params>
          <reporter-output>
          </reporter-output>
        </test-method> <!-- ValidateCreateNewContactTest -->
        <test-method status="PASS" signature="tearDown()[pri:0, instance:com.qa.ClassicCRM.TestCases.ContactsPageTest@3b6eb2ec]" name="tearDown" is-config="true" duration-ms="620" started-at="2019-08-10T14:12:52Z" finished-at="2019-08-10T14:12:53Z">
          <reporter-output>
          </reporter-output>
        </test-method> <!-- tearDown -->
      </class> <!-- com.qa.ClassicCRM.TestCases.ContactsPageTest -->
      <class name="com.qa.ClassicCRM.TestCases.LoginPageTest">
        <test-method status="PASS" signature="SetUp()[pri:0, instance:com.qa.ClassicCRM.TestCases.LoginPageTest@5594a1b5]" name="SetUp" is-config="true" duration-ms="8894" started-at="2019-08-10T14:10:04Z" finished-at="2019-08-10T14:10:13Z">
          <reporter-output>
          </reporter-output>
        </test-method> <!-- SetUp -->
        <test-method status="PASS" signature="loginPageTitleTest()[pri:1, instance:com.qa.ClassicCRM.TestCases.LoginPageTest@5594a1b5]" name="loginPageTitleTest" duration-ms="35" started-at="2019-08-10T14:10:13Z" finished-at="2019-08-10T14:10:13Z">
          <reporter-output>
          </reporter-output>
        </test-method> <!-- loginPageTitleTest -->
        <test-method status="PASS" signature="TearDown()[pri:0, instance:com.qa.ClassicCRM.TestCases.LoginPageTest@5594a1b5]" name="TearDown" is-config="true" duration-ms="657" started-at="2019-08-10T14:10:13Z" finished-at="2019-08-10T14:10:14Z">
          <reporter-output>
          </reporter-output>
        </test-method> <!-- TearDown -->
        <test-method status="PASS" signature="SetUp()[pri:0, instance:com.qa.ClassicCRM.TestCases.LoginPageTest@5594a1b5]" name="SetUp" is-config="true" duration-ms="7534" started-at="2019-08-10T14:10:14Z" finished-at="2019-08-10T14:10:21Z">
          <reporter-output>
          </reporter-output>
        </test-method> <!-- SetUp -->
        <test-method status="PASS" signature="crmlogoImageTest()[pri:2, instance:com.qa.ClassicCRM.TestCases.LoginPageTest@5594a1b5]" name="crmlogoImageTest" duration-ms="117" started-at="2019-08-10T14:10:21Z" finished-at="2019-08-10T14:10:21Z">
          <reporter-output>
          </reporter-output>
        </test-method> <!-- crmlogoImageTest -->
        <test-method status="PASS" signature="TearDown()[pri:0, instance:com.qa.ClassicCRM.TestCases.LoginPageTest@5594a1b5]" name="TearDown" is-config="true" duration-ms="619" started-at="2019-08-10T14:10:21Z" finished-at="2019-08-10T14:10:22Z">
          <reporter-output>
          </reporter-output>
        </test-method> <!-- TearDown -->
        <test-method status="PASS" signature="SetUp()[pri:0, instance:com.qa.ClassicCRM.TestCases.LoginPageTest@5594a1b5]" name="SetUp" is-config="true" duration-ms="7775" started-at="2019-08-10T14:10:22Z" finished-at="2019-08-10T14:10:30Z">
          <reporter-output>
          </reporter-output>
        </test-method> <!-- SetUp -->
        <test-method status="PASS" signature="LoginTest()[pri:3, instance:com.qa.ClassicCRM.TestCases.LoginPageTest@5594a1b5]" name="LoginTest" duration-ms="3467" started-at="2019-08-10T14:10:30Z" finished-at="2019-08-10T14:10:33Z">
          <reporter-output>
          </reporter-output>
        </test-method> <!-- LoginTest -->
        <test-method status="PASS" signature="TearDown()[pri:0, instance:com.qa.ClassicCRM.TestCases.LoginPageTest@5594a1b5]" name="TearDown" is-config="true" duration-ms="597" started-at="2019-08-10T14:10:33Z" finished-at="2019-08-10T14:10:34Z">
          <reporter-output>
          </reporter-output>
        </test-method> <!-- TearDown -->
      </class> <!-- com.qa.ClassicCRM.TestCases.LoginPageTest -->
      <class name="com.qa.ClassicCRM.TestCases.HomePageTest">
        <test-method status="PASS" signature="Setup()[pri:0, instance:com.qa.ClassicCRM.TestCases.HomePageTest@6a5fc7f7]" name="Setup" is-config="true" duration-ms="11381" started-at="2019-08-10T14:10:34Z" finished-at="2019-08-10T14:10:45Z">
          <reporter-output>
          </reporter-output>
        </test-method> <!-- Setup -->
        <test-method status="PASS" signature="verifyHomePageTitleTest()[pri:1, instance:com.qa.ClassicCRM.TestCases.HomePageTest@6a5fc7f7]" name="verifyHomePageTitleTest" duration-ms="10" started-at="2019-08-10T14:10:45Z" finished-at="2019-08-10T14:10:45Z">
          <reporter-output>
          </reporter-output>
        </test-method> <!-- verifyHomePageTitleTest -->
        <test-method status="PASS" signature="tearDown()[pri:0, instance:com.qa.ClassicCRM.TestCases.HomePageTest@6a5fc7f7]" name="tearDown" is-config="true" duration-ms="631" started-at="2019-08-10T14:10:45Z" finished-at="2019-08-10T14:10:46Z">
          <reporter-output>
          </reporter-output>
        </test-method> <!-- tearDown -->
        <test-method status="PASS" signature="Setup()[pri:0, instance:com.qa.ClassicCRM.TestCases.HomePageTest@6a5fc7f7]" name="Setup" is-config="true" duration-ms="11668" started-at="2019-08-10T14:10:46Z" finished-at="2019-08-10T14:10:58Z">
          <reporter-output>
          </reporter-output>
        </test-method> <!-- Setup -->
        <test-method status="PASS" signature="verifyUsernameTest()[pri:2, instance:com.qa.ClassicCRM.TestCases.HomePageTest@6a5fc7f7]" name="verifyUsernameTest" duration-ms="131" started-at="2019-08-10T14:10:58Z" finished-at="2019-08-10T14:10:58Z">
          <reporter-output>
          </reporter-output>
        </test-method> <!-- verifyUsernameTest -->
        <test-method status="PASS" signature="tearDown()[pri:0, instance:com.qa.ClassicCRM.TestCases.HomePageTest@6a5fc7f7]" name="tearDown" is-config="true" duration-ms="596" started-at="2019-08-10T14:10:58Z" finished-at="2019-08-10T14:10:58Z">
          <reporter-output>
          </reporter-output>
        </test-method> <!-- tearDown -->
        <test-method status="PASS" signature="Setup()[pri:0, instance:com.qa.ClassicCRM.TestCases.HomePageTest@6a5fc7f7]" name="Setup" is-config="true" duration-ms="11402" started-at="2019-08-10T14:10:58Z" finished-at="2019-08-10T14:11:10Z">
          <reporter-output>
          </reporter-output>
        </test-method> <!-- Setup -->
        <test-method status="PASS" signature="verifyContactsLinkTest()[pri:3, instance:com.qa.ClassicCRM.TestCases.HomePageTest@6a5fc7f7]" name="verifyContactsLinkTest" duration-ms="1365" started-at="2019-08-10T14:11:10Z" finished-at="2019-08-10T14:11:11Z">
          <reporter-output>
          </reporter-output>
        </test-method> <!-- verifyContactsLinkTest -->
        <test-method status="PASS" signature="tearDown()[pri:0, instance:com.qa.ClassicCRM.TestCases.HomePageTest@6a5fc7f7]" name="tearDown" is-config="true" duration-ms="699" started-at="2019-08-10T14:11:11Z" finished-at="2019-08-10T14:11:12Z">
          <reporter-output>
          </reporter-output>
        </test-method> <!-- tearDown -->
      </class> <!-- com.qa.ClassicCRM.TestCases.HomePageTest -->
    </test> <!-- Free CRM App test cases -->
  </suite> <!-- FREE CRM APLLICATION TEST AUTOMATION TEST suite -->
</testng-results>
